<?xml version="1.0" encoding="UTF-8"?>
<testsuite xmlns:xsi="http://www.w3.org/2001/XMLSchema-instance" xsi:noNamespaceSchemaLocation="https://maven.apache.org/surefire/maven-surefire-plugin/xsd/surefire-test-report.xsd" name="com.urlShortner.Application.ApplicationTests" time="4.474" tests="1" errors="0" skipped="0" failures="0">
  <properties>
    <property name="java.specification.version" value="14"/>
    <property name="sun.jnu.encoding" value="UTF-8"/>
    <property name="java.class.path" value="/home/sayed/teenyURL/target/test-classes:/home/sayed/teenyURL/target/classes:/home/sayed/.m2/repository/org/springframework/boot/spring-boot-starter/2.4.5/spring-boot-starter-2.4.5.jar:/home/sayed/.m2/repository/org/springframework/boot/spring-boot/2.4.5/spring-boot-2.4.5.jar:/home/sayed/.m2/repository/org/springframework/boot/spring-boot-autoconfigure/2.4.5/spring-boot-autoconfigure-2.4.5.jar:/home/sayed/.m2/repository/org/springframework/boot/spring-boot-starter-logging/2.4.5/spring-boot-starter-logging-2.4.5.jar:/home/sayed/.m2/repository/ch/qos/logback/logback-classic/1.2.3/logback-classic-1.2.3.jar:/home/sayed/.m2/repository/ch/qos/logback/logback-core/1.2.3/logback-core-1.2.3.jar:/home/sayed/.m2/repository/org/apache/logging/log4j/log4j-to-slf4j/2.13.3/log4j-to-slf4j-2.13.3.jar:/home/sayed/.m2/repository/org/apache/logging/log4j/log4j-api/2.13.3/log4j-api-2.13.3.jar:/home/sayed/.m2/repository/org/slf4j/jul-to-slf4j/1.7.30/jul-to-slf4j-1.7.30.jar:/home/sayed/.m2/repository/jakarta/annotation/jakarta.annotation-api/1.3.5/jakarta.annotation-api-1.3.5.jar:/home/sayed/.m2/repository/org/springframework/spring-core/5.3.6/spring-core-5.3.6.jar:/home/sayed/.m2/repository/org/springframework/spring-jcl/5.3.6/spring-jcl-5.3.6.jar:/home/sayed/.m2/repository/org/yaml/snakeyaml/1.27/snakeyaml-1.27.jar:/home/sayed/.m2/repository/org/springframework/boot/spring-boot-starter-web/2.4.5/spring-boot-starter-web-2.4.5.jar:/home/sayed/.m2/repository/org/springframework/boot/spring-boot-starter-json/2.4.5/spring-boot-starter-json-2.4.5.jar:/home/sayed/.m2/repository/com/fasterxml/jackson/core/jackson-databind/2.11.4/jackson-databind-2.11.4.jar:/home/sayed/.m2/repository/com/fasterxml/jackson/core/jackson-annotations/2.11.4/jackson-annotations-2.11.4.jar:/home/sayed/.m2/repository/com/fasterxml/jackson/datatype/jackson-datatype-jdk8/2.11.4/jackson-datatype-jdk8-2.11.4.jar:/home/sayed/.m2/repository/com/fasterxml/jackson/datatype/jackson-datatype-jsr310/2.11.4/jackson-datatype-jsr310-2.11.4.jar:/home/sayed/.m2/repository/com/fasterxml/jackson/module/jackson-module-parameter-names/2.11.4/jackson-module-parameter-names-2.11.4.jar:/home/sayed/.m2/repository/org/springframework/boot/spring-boot-starter-tomcat/2.4.5/spring-boot-starter-tomcat-2.4.5.jar:/home/sayed/.m2/repository/org/apache/tomcat/embed/tomcat-embed-core/9.0.45/tomcat-embed-core-9.0.45.jar:/home/sayed/.m2/repository/org/glassfish/jakarta.el/3.0.3/jakarta.el-3.0.3.jar:/home/sayed/.m2/repository/org/apache/tomcat/embed/tomcat-embed-websocket/9.0.45/tomcat-embed-websocket-9.0.45.jar:/home/sayed/.m2/repository/org/springframework/spring-web/5.3.6/spring-web-5.3.6.jar:/home/sayed/.m2/repository/org/springframework/spring-webmvc/5.3.6/spring-webmvc-5.3.6.jar:/home/sayed/.m2/repository/org/springframework/spring-aop/5.3.6/spring-aop-5.3.6.jar:/home/sayed/.m2/repository/org/springframework/boot/spring-boot-starter-data-cassandra/2.4.5/spring-boot-starter-data-cassandra-2.4.5.jar:/home/sayed/.m2/repository/org/springframework/spring-tx/5.3.6/spring-tx-5.3.6.jar:/home/sayed/.m2/repository/org/springframework/boot/spring-boot-starter-test/2.4.5/spring-boot-starter-test-2.4.5.jar:/home/sayed/.m2/repository/org/springframework/boot/spring-boot-test/2.4.5/spring-boot-test-2.4.5.jar:/home/sayed/.m2/repository/org/springframework/boot/spring-boot-test-autoconfigure/2.4.5/spring-boot-test-autoconfigure-2.4.5.jar:/home/sayed/.m2/repository/com/jayway/jsonpath/json-path/2.4.0/json-path-2.4.0.jar:/home/sayed/.m2/repository/net/minidev/json-smart/2.3/json-smart-2.3.jar:/home/sayed/.m2/repository/net/minidev/accessors-smart/1.2/accessors-smart-1.2.jar:/home/sayed/.m2/repository/org/ow2/asm/asm/5.0.4/asm-5.0.4.jar:/home/sayed/.m2/repository/jakarta/xml/bind/jakarta.xml.bind-api/2.3.3/jakarta.xml.bind-api-2.3.3.jar:/home/sayed/.m2/repository/jakarta/activation/jakarta.activation-api/1.2.2/jakarta.activation-api-1.2.2.jar:/home/sayed/.m2/repository/org/assertj/assertj-core/3.18.1/assertj-core-3.18.1.jar:/home/sayed/.m2/repository/org/hamcrest/hamcrest/2.2/hamcrest-2.2.jar:/home/sayed/.m2/repository/org/junit/jupiter/junit-jupiter/5.7.1/junit-jupiter-5.7.1.jar:/home/sayed/.m2/repository/org/junit/jupiter/junit-jupiter-api/5.7.1/junit-jupiter-api-5.7.1.jar:/home/sayed/.m2/repository/org/apiguardian/apiguardian-api/1.1.0/apiguardian-api-1.1.0.jar:/home/sayed/.m2/repository/org/opentest4j/opentest4j/1.2.0/opentest4j-1.2.0.jar:/home/sayed/.m2/repository/org/junit/platform/junit-platform-commons/1.7.1/junit-platform-commons-1.7.1.jar:/home/sayed/.m2/repository/org/junit/jupiter/junit-jupiter-params/5.7.1/junit-jupiter-params-5.7.1.jar:/home/sayed/.m2/repository/org/junit/jupiter/junit-jupiter-engine/5.7.1/junit-jupiter-engine-5.7.1.jar:/home/sayed/.m2/repository/org/junit/platform/junit-platform-engine/1.7.1/junit-platform-engine-1.7.1.jar:/home/sayed/.m2/repository/org/mockito/mockito-core/3.6.28/mockito-core-3.6.28.jar:/home/sayed/.m2/repository/net/bytebuddy/byte-buddy/1.10.22/byte-buddy-1.10.22.jar:/home/sayed/.m2/repository/net/bytebuddy/byte-buddy-agent/1.10.22/byte-buddy-agent-1.10.22.jar:/home/sayed/.m2/repository/org/objenesis/objenesis/3.1/objenesis-3.1.jar:/home/sayed/.m2/repository/org/mockito/mockito-junit-jupiter/3.6.28/mockito-junit-jupiter-3.6.28.jar:/home/sayed/.m2/repository/org/skyscreamer/jsonassert/1.5.0/jsonassert-1.5.0.jar:/home/sayed/.m2/repository/com/vaadin/external/google/android-json/0.0.20131108.vaadin1/android-json-0.0.20131108.vaadin1.jar:/home/sayed/.m2/repository/org/springframework/spring-test/5.3.6/spring-test-5.3.6.jar:/home/sayed/.m2/repository/org/xmlunit/xmlunit-core/2.7.0/xmlunit-core-2.7.0.jar:/home/sayed/.m2/repository/org/springframework/data/spring-data-cassandra/3.1.8/spring-data-cassandra-3.1.8.jar:/home/sayed/.m2/repository/org/springframework/spring-context/5.3.6/spring-context-5.3.6.jar:/home/sayed/.m2/repository/org/springframework/spring-beans/5.3.6/spring-beans-5.3.6.jar:/home/sayed/.m2/repository/org/springframework/spring-expression/5.3.6/spring-expression-5.3.6.jar:/home/sayed/.m2/repository/org/springframework/data/spring-data-commons/2.4.8/spring-data-commons-2.4.8.jar:/home/sayed/.m2/repository/com/datastax/oss/java-driver-core/4.9.0/java-driver-core-4.9.0.jar:/home/sayed/.m2/repository/com/datastax/oss/native-protocol/1.4.11/native-protocol-1.4.11.jar:/home/sayed/.m2/repository/io/netty/netty-handler/4.1.63.Final/netty-handler-4.1.63.Final.jar:/home/sayed/.m2/repository/io/netty/netty-common/4.1.63.Final/netty-common-4.1.63.Final.jar:/home/sayed/.m2/repository/io/netty/netty-resolver/4.1.63.Final/netty-resolver-4.1.63.Final.jar:/home/sayed/.m2/repository/io/netty/netty-buffer/4.1.63.Final/netty-buffer-4.1.63.Final.jar:/home/sayed/.m2/repository/io/netty/netty-transport/4.1.63.Final/netty-transport-4.1.63.Final.jar:/home/sayed/.m2/repository/io/netty/netty-codec/4.1.63.Final/netty-codec-4.1.63.Final.jar:/home/sayed/.m2/repository/com/datastax/oss/java-driver-shaded-guava/25.1-jre-graal-sub-1/java-driver-shaded-guava-25.1-jre-graal-sub-1.jar:/home/sayed/.m2/repository/com/typesafe/config/1.3.4/config-1.3.4.jar:/home/sayed/.m2/repository/com/github/jnr/jnr-posix/3.0.50/jnr-posix-3.0.50.jar:/home/sayed/.m2/repository/com/github/jnr/jnr-ffi/2.1.10/jnr-ffi-2.1.10.jar:/home/sayed/.m2/repository/com/github/jnr/jffi/1.2.19/jffi-1.2.19.jar:/home/sayed/.m2/repository/com/github/jnr/jffi/1.2.19/jffi-1.2.19-native.jar:/home/sayed/.m2/repository/org/ow2/asm/asm-commons/7.1/asm-commons-7.1.jar:/home/sayed/.m2/repository/org/ow2/asm/asm-analysis/7.1/asm-analysis-7.1.jar:/home/sayed/.m2/repository/org/ow2/asm/asm-tree/7.1/asm-tree-7.1.jar:/home/sayed/.m2/repository/org/ow2/asm/asm-util/7.1/asm-util-7.1.jar:/home/sayed/.m2/repository/com/github/jnr/jnr-a64asm/1.0.0/jnr-a64asm-1.0.0.jar:/home/sayed/.m2/repository/com/github/jnr/jnr-x86asm/1.0.2/jnr-x86asm-1.0.2.jar:/home/sayed/.m2/repository/com/github/jnr/jnr-constants/0.9.12/jnr-constants-0.9.12.jar:/home/sayed/.m2/repository/io/dropwizard/metrics/metrics-core/4.1.19/metrics-core-4.1.19.jar:/home/sayed/.m2/repository/org/hdrhistogram/HdrHistogram/2.1.11/HdrHistogram-2.1.11.jar:/home/sayed/.m2/repository/com/esri/geometry/esri-geometry-api/1.2.1/esri-geometry-api-1.2.1.jar:/home/sayed/.m2/repository/org/json/json/20090211/json-20090211.jar:/home/sayed/.m2/repository/org/codehaus/jackson/jackson-core-asl/1.9.12/jackson-core-asl-1.9.12.jar:/home/sayed/.m2/repository/org/apache/tinkerpop/gremlin-core/3.4.8/gremlin-core-3.4.8.jar:/home/sayed/.m2/repository/org/apache/tinkerpop/gremlin-shaded/3.4.8/gremlin-shaded-3.4.8.jar:/home/sayed/.m2/repository/commons-configuration/commons-configuration/1.10/commons-configuration-1.10.jar:/home/sayed/.m2/repository/commons-lang/commons-lang/2.6/commons-lang-2.6.jar:/home/sayed/.m2/repository/commons-collections/commons-collections/3.2.2/commons-collections-3.2.2.jar:/home/sayed/.m2/repository/org/apache/commons/commons-lang3/3.11/commons-lang3-3.11.jar:/home/sayed/.m2/repository/org/javatuples/javatuples/1.2/javatuples-1.2.jar:/home/sayed/.m2/repository/com/squareup/javapoet/1.8.0/javapoet-1.8.0.jar:/home/sayed/.m2/repository/org/apache/tinkerpop/tinkergraph-gremlin/3.4.8/tinkergraph-gremlin-3.4.8.jar:/home/sayed/.m2/repository/com/fasterxml/jackson/core/jackson-core/2.11.4/jackson-core-2.11.4.jar:/home/sayed/.m2/repository/org/reactivestreams/reactive-streams/1.0.3/reactive-streams-1.0.3.jar:/home/sayed/.m2/repository/com/github/stephenc/jcip/jcip-annotations/1.0-1/jcip-annotations-1.0-1.jar:/home/sayed/.m2/repository/com/github/spotbugs/spotbugs-annotations/3.1.12/spotbugs-annotations-3.1.12.jar:/home/sayed/.m2/repository/com/google/code/findbugs/jsr305/3.0.2/jsr305-3.0.2.jar:/home/sayed/.m2/repository/com/datastax/oss/java-driver-query-builder/4.9.0/java-driver-query-builder-4.9.0.jar:/home/sayed/.m2/repository/org/slf4j/slf4j-api/1.7.30/slf4j-api-1.7.30.jar:"/>
    <property name="java.vm.vendor" value="AdoptOpenJDK"/>
    <property name="sun.arch.data.model" value="64"/>
    <property name="java.vendor.url" value="https://adoptopenjdk.net/"/>
    <property name="os.name" value="Linux"/>
    <property name="java.vm.specification.version" value="14"/>
    <property name="sun.java.launcher" value="SUN_STANDARD"/>
    <property name="user.country" value="US"/>
    <property name="sun.boot.library.path" value="/home/sayed/.jdks/adopt-openjdk-14.0.2/lib"/>
    <property name="sun.java.command" value="/home/sayed/teenyURL/target/surefire/surefirebooter7405707561925284780.jar /home/sayed/teenyURL/target/surefire 2021-04-24T10-42-43_954-jvmRun1 surefire17024551529367041605tmp surefire_01006388956827363029tmp"/>
    <property name="jdk.debug" value="release"/>
    <property name="surefire.test.class.path" value="/home/sayed/teenyURL/target/test-classes:/home/sayed/teenyURL/target/classes:/home/sayed/.m2/repository/org/springframework/boot/spring-boot-starter/2.4.5/spring-boot-starter-2.4.5.jar:/home/sayed/.m2/repository/org/springframework/boot/spring-boot/2.4.5/spring-boot-2.4.5.jar:/home/sayed/.m2/repository/org/springframework/boot/spring-boot-autoconfigure/2.4.5/spring-boot-autoconfigure-2.4.5.jar:/home/sayed/.m2/repository/org/springframework/boot/spring-boot-starter-logging/2.4.5/spring-boot-starter-logging-2.4.5.jar:/home/sayed/.m2/repository/ch/qos/logback/logback-classic/1.2.3/logback-classic-1.2.3.jar:/home/sayed/.m2/repository/ch/qos/logback/logback-core/1.2.3/logback-core-1.2.3.jar:/home/sayed/.m2/repository/org/apache/logging/log4j/log4j-to-slf4j/2.13.3/log4j-to-slf4j-2.13.3.jar:/home/sayed/.m2/repository/org/apache/logging/log4j/log4j-api/2.13.3/log4j-api-2.13.3.jar:/home/sayed/.m2/repository/org/slf4j/jul-to-slf4j/1.7.30/jul-to-slf4j-1.7.30.jar:/home/sayed/.m2/repository/jakarta/annotation/jakarta.annotation-api/1.3.5/jakarta.annotation-api-1.3.5.jar:/home/sayed/.m2/repository/org/springframework/spring-core/5.3.6/spring-core-5.3.6.jar:/home/sayed/.m2/repository/org/springframework/spring-jcl/5.3.6/spring-jcl-5.3.6.jar:/home/sayed/.m2/repository/org/yaml/snakeyaml/1.27/snakeyaml-1.27.jar:/home/sayed/.m2/repository/org/springframework/boot/spring-boot-starter-web/2.4.5/spring-boot-starter-web-2.4.5.jar:/home/sayed/.m2/repository/org/springframework/boot/spring-boot-starter-json/2.4.5/spring-boot-starter-json-2.4.5.jar:/home/sayed/.m2/repository/com/fasterxml/jackson/core/jackson-databind/2.11.4/jackson-databind-2.11.4.jar:/home/sayed/.m2/repository/com/fasterxml/jackson/core/jackson-annotations/2.11.4/jackson-annotations-2.11.4.jar:/home/sayed/.m2/repository/com/fasterxml/jackson/datatype/jackson-datatype-jdk8/2.11.4/jackson-datatype-jdk8-2.11.4.jar:/home/sayed/.m2/repository/com/fasterxml/jackson/datatype/jackson-datatype-jsr310/2.11.4/jackson-datatype-jsr310-2.11.4.jar:/home/sayed/.m2/repository/com/fasterxml/jackson/module/jackson-module-parameter-names/2.11.4/jackson-module-parameter-names-2.11.4.jar:/home/sayed/.m2/repository/org/springframework/boot/spring-boot-starter-tomcat/2.4.5/spring-boot-starter-tomcat-2.4.5.jar:/home/sayed/.m2/repository/org/apache/tomcat/embed/tomcat-embed-core/9.0.45/tomcat-embed-core-9.0.45.jar:/home/sayed/.m2/repository/org/glassfish/jakarta.el/3.0.3/jakarta.el-3.0.3.jar:/home/sayed/.m2/repository/org/apache/tomcat/embed/tomcat-embed-websocket/9.0.45/tomcat-embed-websocket-9.0.45.jar:/home/sayed/.m2/repository/org/springframework/spring-web/5.3.6/spring-web-5.3.6.jar:/home/sayed/.m2/repository/org/springframework/spring-webmvc/5.3.6/spring-webmvc-5.3.6.jar:/home/sayed/.m2/repository/org/springframework/spring-aop/5.3.6/spring-aop-5.3.6.jar:/home/sayed/.m2/repository/org/springframework/boot/spring-boot-starter-data-cassandra/2.4.5/spring-boot-starter-data-cassandra-2.4.5.jar:/home/sayed/.m2/repository/org/springframework/spring-tx/5.3.6/spring-tx-5.3.6.jar:/home/sayed/.m2/repository/org/springframework/boot/spring-boot-starter-test/2.4.5/spring-boot-starter-test-2.4.5.jar:/home/sayed/.m2/repository/org/springframework/boot/spring-boot-test/2.4.5/spring-boot-test-2.4.5.jar:/home/sayed/.m2/repository/org/springframework/boot/spring-boot-test-autoconfigure/2.4.5/spring-boot-test-autoconfigure-2.4.5.jar:/home/sayed/.m2/repository/com/jayway/jsonpath/json-path/2.4.0/json-path-2.4.0.jar:/home/sayed/.m2/repository/net/minidev/json-smart/2.3/json-smart-2.3.jar:/home/sayed/.m2/repository/net/minidev/accessors-smart/1.2/accessors-smart-1.2.jar:/home/sayed/.m2/repository/org/ow2/asm/asm/5.0.4/asm-5.0.4.jar:/home/sayed/.m2/repository/jakarta/xml/bind/jakarta.xml.bind-api/2.3.3/jakarta.xml.bind-api-2.3.3.jar:/home/sayed/.m2/repository/jakarta/activation/jakarta.activation-api/1.2.2/jakarta.activation-api-1.2.2.jar:/home/sayed/.m2/repository/org/assertj/assertj-core/3.18.1/assertj-core-3.18.1.jar:/home/sayed/.m2/repository/org/hamcrest/hamcrest/2.2/hamcrest-2.2.jar:/home/sayed/.m2/repository/org/junit/jupiter/junit-jupiter/5.7.1/junit-jupiter-5.7.1.jar:/home/sayed/.m2/repository/org/junit/jupiter/junit-jupiter-api/5.7.1/junit-jupiter-api-5.7.1.jar:/home/sayed/.m2/repository/org/apiguardian/apiguardian-api/1.1.0/apiguardian-api-1.1.0.jar:/home/sayed/.m2/repository/org/opentest4j/opentest4j/1.2.0/opentest4j-1.2.0.jar:/home/sayed/.m2/repository/org/junit/platform/junit-platform-commons/1.7.1/junit-platform-commons-1.7.1.jar:/home/sayed/.m2/repository/org/junit/jupiter/junit-jupiter-params/5.7.1/junit-jupiter-params-5.7.1.jar:/home/sayed/.m2/repository/org/junit/jupiter/junit-jupiter-engine/5.7.1/junit-jupiter-engine-5.7.1.jar:/home/sayed/.m2/repository/org/junit/platform/junit-platform-engine/1.7.1/junit-platform-engine-1.7.1.jar:/home/sayed/.m2/repository/org/mockito/mockito-core/3.6.28/mockito-core-3.6.28.jar:/home/sayed/.m2/repository/net/bytebuddy/byte-buddy/1.10.22/byte-buddy-1.10.22.jar:/home/sayed/.m2/repository/net/bytebuddy/byte-buddy-agent/1.10.22/byte-buddy-agent-1.10.22.jar:/home/sayed/.m2/repository/org/objenesis/objenesis/3.1/objenesis-3.1.jar:/home/sayed/.m2/repository/org/mockito/mockito-junit-jupiter/3.6.28/mockito-junit-jupiter-3.6.28.jar:/home/sayed/.m2/repository/org/skyscreamer/jsonassert/1.5.0/jsonassert-1.5.0.jar:/home/sayed/.m2/repository/com/vaadin/external/google/android-json/0.0.20131108.vaadin1/android-json-0.0.20131108.vaadin1.jar:/home/sayed/.m2/repository/org/springframework/spring-test/5.3.6/spring-test-5.3.6.jar:/home/sayed/.m2/repository/org/xmlunit/xmlunit-core/2.7.0/xmlunit-core-2.7.0.jar:/home/sayed/.m2/repository/org/springframework/data/spring-data-cassandra/3.1.8/spring-data-cassandra-3.1.8.jar:/home/sayed/.m2/repository/org/springframework/spring-context/5.3.6/spring-context-5.3.6.jar:/home/sayed/.m2/repository/org/springframework/spring-beans/5.3.6/spring-beans-5.3.6.jar:/home/sayed/.m2/repository/org/springframework/spring-expression/5.3.6/spring-expression-5.3.6.jar:/home/sayed/.m2/repository/org/springframework/data/spring-data-commons/2.4.8/spring-data-commons-2.4.8.jar:/home/sayed/.m2/repository/com/datastax/oss/java-driver-core/4.9.0/java-driver-core-4.9.0.jar:/home/sayed/.m2/repository/com/datastax/oss/native-protocol/1.4.11/native-protocol-1.4.11.jar:/home/sayed/.m2/repository/io/netty/netty-handler/4.1.63.Final/netty-handler-4.1.63.Final.jar:/home/sayed/.m2/repository/io/netty/netty-common/4.1.63.Final/netty-common-4.1.63.Final.jar:/home/sayed/.m2/repository/io/netty/netty-resolver/4.1.63.Final/netty-resolver-4.1.63.Final.jar:/home/sayed/.m2/repository/io/netty/netty-buffer/4.1.63.Final/netty-buffer-4.1.63.Final.jar:/home/sayed/.m2/repository/io/netty/netty-transport/4.1.63.Final/netty-transport-4.1.63.Final.jar:/home/sayed/.m2/repository/io/netty/netty-codec/4.1.63.Final/netty-codec-4.1.63.Final.jar:/home/sayed/.m2/repository/com/datastax/oss/java-driver-shaded-guava/25.1-jre-graal-sub-1/java-driver-shaded-guava-25.1-jre-graal-sub-1.jar:/home/sayed/.m2/repository/com/typesafe/config/1.3.4/config-1.3.4.jar:/home/sayed/.m2/repository/com/github/jnr/jnr-posix/3.0.50/jnr-posix-3.0.50.jar:/home/sayed/.m2/repository/com/github/jnr/jnr-ffi/2.1.10/jnr-ffi-2.1.10.jar:/home/sayed/.m2/repository/com/github/jnr/jffi/1.2.19/jffi-1.2.19.jar:/home/sayed/.m2/repository/com/github/jnr/jffi/1.2.19/jffi-1.2.19-native.jar:/home/sayed/.m2/repository/org/ow2/asm/asm-commons/7.1/asm-commons-7.1.jar:/home/sayed/.m2/repository/org/ow2/asm/asm-analysis/7.1/asm-analysis-7.1.jar:/home/sayed/.m2/repository/org/ow2/asm/asm-tree/7.1/asm-tree-7.1.jar:/home/sayed/.m2/repository/org/ow2/asm/asm-util/7.1/asm-util-7.1.jar:/home/sayed/.m2/repository/com/github/jnr/jnr-a64asm/1.0.0/jnr-a64asm-1.0.0.jar:/home/sayed/.m2/repository/com/github/jnr/jnr-x86asm/1.0.2/jnr-x86asm-1.0.2.jar:/home/sayed/.m2/repository/com/github/jnr/jnr-constants/0.9.12/jnr-constants-0.9.12.jar:/home/sayed/.m2/repository/io/dropwizard/metrics/metrics-core/4.1.19/metrics-core-4.1.19.jar:/home/sayed/.m2/repository/org/hdrhistogram/HdrHistogram/2.1.11/HdrHistogram-2.1.11.jar:/home/sayed/.m2/repository/com/esri/geometry/esri-geometry-api/1.2.1/esri-geometry-api-1.2.1.jar:/home/sayed/.m2/repository/org/json/json/20090211/json-20090211.jar:/home/sayed/.m2/repository/org/codehaus/jackson/jackson-core-asl/1.9.12/jackson-core-asl-1.9.12.jar:/home/sayed/.m2/repository/org/apache/tinkerpop/gremlin-core/3.4.8/gremlin-core-3.4.8.jar:/home/sayed/.m2/repository/org/apache/tinkerpop/gremlin-shaded/3.4.8/gremlin-shaded-3.4.8.jar:/home/sayed/.m2/repository/commons-configuration/commons-configuration/1.10/commons-configuration-1.10.jar:/home/sayed/.m2/repository/commons-lang/commons-lang/2.6/commons-lang-2.6.jar:/home/sayed/.m2/repository/commons-collections/commons-collections/3.2.2/commons-collections-3.2.2.jar:/home/sayed/.m2/repository/org/apache/commons/commons-lang3/3.11/commons-lang3-3.11.jar:/home/sayed/.m2/repository/org/javatuples/javatuples/1.2/javatuples-1.2.jar:/home/sayed/.m2/repository/com/squareup/javapoet/1.8.0/javapoet-1.8.0.jar:/home/sayed/.m2/repository/org/apache/tinkerpop/tinkergraph-gremlin/3.4.8/tinkergraph-gremlin-3.4.8.jar:/home/sayed/.m2/repository/com/fasterxml/jackson/core/jackson-core/2.11.4/jackson-core-2.11.4.jar:/home/sayed/.m2/repository/org/reactivestreams/reactive-streams/1.0.3/reactive-streams-1.0.3.jar:/home/sayed/.m2/repository/com/github/stephenc/jcip/jcip-annotations/1.0-1/jcip-annotations-1.0-1.jar:/home/sayed/.m2/repository/com/github/spotbugs/spotbugs-annotations/3.1.12/spotbugs-annotations-3.1.12.jar:/home/sayed/.m2/repository/com/google/code/findbugs/jsr305/3.0.2/jsr305-3.0.2.jar:/home/sayed/.m2/repository/com/datastax/oss/java-driver-query-builder/4.9.0/java-driver-query-builder-4.9.0.jar:/home/sayed/.m2/repository/org/slf4j/slf4j-api/1.7.30/slf4j-api-1.7.30.jar:"/>
    <property name="sun.cpu.endian" value="little"/>
    <property name="user.home" value="/home/sayed"/>
    <property name="user.language" value="en"/>
    <property name="java.specification.vendor" value="Oracle Corporation"/>
    <property name="java.version.date" value="2020-07-14"/>
    <property name="java.home" value="/home/sayed/.jdks/adopt-openjdk-14.0.2"/>
    <property name="file.separator" value="/"/>
    <property name="basedir" value="/home/sayed/teenyURL"/>
    <property name="java.vm.compressedOopsMode" value="Zero based"/>
    <property name="line.separator" value="&#10;"/>
    <property name="java.vm.specification.vendor" value="Oracle Corporation"/>
    <property name="java.specification.name" value="Java Platform API Specification"/>
    <property name="surefire.real.class.path" value="/home/sayed/teenyURL/target/surefire/surefirebooter7405707561925284780.jar"/>
    <property name="sun.management.compiler" value="HotSpot 64-Bit Tiered Compilers"/>
    <property name="java.runtime.version" value="14.0.2+12"/>
    <property name="user.name" value="sayed"/>
    <property name="path.separator" value=":"/>
    <property name="os.version" value="5.8.0-50-generic"/>
    <property name="java.runtime.name" value="OpenJDK Runtime Environment"/>
    <property name="file.encoding" value="UTF-8"/>
    <property name="java.vm.name" value="OpenJDK 64-Bit Server VM"/>
    <property name="java.vendor.version" value="AdoptOpenJDK"/>
    <property name="localRepository" value="/home/sayed/.m2/repository"/>
    <property name="java.vendor.url.bug" value="https://github.com/AdoptOpenJDK/openjdk-support/issues"/>
    <property name="java.io.tmpdir" value="/tmp"/>
    <property name="idea.version" value="2021.1"/>
    <property name="java.version" value="14.0.2"/>
    <property name="user.dir" value="/home/sayed/teenyURL"/>
    <property name="os.arch" value="amd64"/>
    <property name="java.vm.specification.name" value="Java Virtual Machine Specification"/>
    <property name="java.library.path" value="/usr/java/packages/lib:/usr/lib64:/lib64:/lib:/usr/lib"/>
    <property name="java.vm.info" value="mixed mode, sharing"/>
    <property name="java.vendor" value="AdoptOpenJDK"/>
    <property name="java.vm.version" value="14.0.2+12"/>
    <property name="sun.io.unicode.encoding" value="UnicodeLittle"/>
    <property name="java.class.version" value="58.0"/>
  </properties>
  <testcase name="contextLoads" classname="com.urlShortner.Application.ApplicationTests" time="0.38"/>
</testsuite>